Build started 10/15/2019 8:00:51 AM.
     1>Project "G:\Game\iGraphicsUltimate\iGraphics Project\iGraphics Project\iGraphics Project.vcxproj" on node 2 (build target(s)).
     1>InitializeBuildStatus:
         Creating "Debug\iGraphics Project.unsuccessfulbuild" because "AlwaysCreate" was specified.
       ClCompile:
         G:\Installed Softweres\Visual Studio\VC\bin\CL.exe /c /ZI /nologo /W3 /WX- /Od /Oy- /D _MBCS /Gm /EHsc /RTC1 /MDd /GS /fp:precise /Zc:wchar_t /Zc:forScope /Fo"Debug\\" /Fd"Debug\vc100.pdb" /Gd /TP /analyze- /errorReport:prompt BallDemo.cpp
         BallDemo.cpp
     1>g:\game\igraphicsultimate\igraphics project\igraphics project\score.h(20): warning C4996: 'fopen': This function or variable may be unsafe. Consider using fopen_s instead. To disable deprecation, use _CRT_SECURE_NO_WARNINGS. See online help for details.
                 g:\installed softweres\visual studio\vc\include\stdio.h(234) : see declaration of 'fopen'
     1>g:\game\igraphicsultimate\igraphics project\igraphics project\score.h(27): warning C4996: 'fopen': This function or variable may be unsafe. Consider using fopen_s instead. To disable deprecation, use _CRT_SECURE_NO_WARNINGS. See online help for details.
                 g:\installed softweres\visual studio\vc\include\stdio.h(234) : see declaration of 'fopen'
     1>g:\game\igraphicsultimate\igraphics project\igraphics project\score.h(59): warning C4996: 'fopen': This function or variable may be unsafe. Consider using fopen_s instead. To disable deprecation, use _CRT_SECURE_NO_WARNINGS. See online help for details.
                 g:\installed softweres\visual studio\vc\include\stdio.h(234) : see declaration of 'fopen'
     1>g:\game\igraphicsultimate\igraphics project\igraphics project\score.h(63): warning C4996: 'fscanf': This function or variable may be unsafe. Consider using fscanf_s instead. To disable deprecation, use _CRT_SECURE_NO_WARNINGS. See online help for details.
                 g:\installed softweres\visual studio\vc\include\stdio.h(253) : see declaration of 'fscanf'
     1>g:\game\igraphicsultimate\igraphics project\igraphics project\score.h(79): warning C4996: 'strcpy': This function or variable may be unsafe. Consider using strcpy_s instead. To disable deprecation, use _CRT_SECURE_NO_WARNINGS. See online help for details.
                 g:\installed softweres\visual studio\vc\include\string.h(105) : see declaration of 'strcpy'
     1>g:\game\igraphicsultimate\igraphics project\igraphics project\score.h(80): warning C4996: 'strcpy': This function or variable may be unsafe. Consider using strcpy_s instead. To disable deprecation, use _CRT_SECURE_NO_WARNINGS. See online help for details.
                 g:\installed softweres\visual studio\vc\include\string.h(105) : see declaration of 'strcpy'
     1>g:\game\igraphicsultimate\igraphics project\igraphics project\score.h(81): warning C4996: 'strcpy': This function or variable may be unsafe. Consider using strcpy_s instead. To disable deprecation, use _CRT_SECURE_NO_WARNINGS. See online help for details.
                 g:\installed softweres\visual studio\vc\include\string.h(105) : see declaration of 'strcpy'
     1>g:\game\igraphicsultimate\igraphics project\igraphics project\score.h(83): warning C4996: 'strcpy': This function or variable may be unsafe. Consider using strcpy_s instead. To disable deprecation, use _CRT_SECURE_NO_WARNINGS. See online help for details.
                 g:\installed softweres\visual studio\vc\include\string.h(105) : see declaration of 'strcpy'
     1>g:\game\igraphicsultimate\igraphics project\igraphics project\score.h(84): warning C4996: 'strcpy': This function or variable may be unsafe. Consider using strcpy_s instead. To disable deprecation, use _CRT_SECURE_NO_WARNINGS. See online help for details.
                 g:\installed softweres\visual studio\vc\include\string.h(105) : see declaration of 'strcpy'
     1>g:\game\igraphicsultimate\igraphics project\igraphics project\score.h(85): warning C4996: 'strcpy': This function or variable may be unsafe. Consider using strcpy_s instead. To disable deprecation, use _CRT_SECURE_NO_WARNINGS. See online help for details.
                 g:\installed softweres\visual studio\vc\include\string.h(105) : see declaration of 'strcpy'
     1>g:\game\igraphicsultimate\igraphics project\igraphics project\score.h(87): warning C4996: 'strcpy': This function or variable may be unsafe. Consider using strcpy_s instead. To disable deprecation, use _CRT_SECURE_NO_WARNINGS. See online help for details.
                 g:\installed softweres\visual studio\vc\include\string.h(105) : see declaration of 'strcpy'
     1>g:\game\igraphicsultimate\igraphics project\igraphics project\score.h(88): warning C4996: 'strcpy': This function or variable may be unsafe. Consider using strcpy_s instead. To disable deprecation, use _CRT_SECURE_NO_WARNINGS. See online help for details.
                 g:\installed softweres\visual studio\vc\include\string.h(105) : see declaration of 'strcpy'
     1>g:\game\igraphicsultimate\igraphics project\igraphics project\score.h(89): warning C4996: 'strcpy': This function or variable may be unsafe. Consider using strcpy_s instead. To disable deprecation, use _CRT_SECURE_NO_WARNINGS. See online help for details.
                 g:\installed softweres\visual studio\vc\include\string.h(105) : see declaration of 'strcpy'
     1>g:\game\igraphicsultimate\igraphics project\igraphics project\score.h(108): warning C4996: 'fopen': This function or variable may be unsafe. Consider using fopen_s instead. To disable deprecation, use _CRT_SECURE_NO_WARNINGS. See online help for details.
                 g:\installed softweres\visual studio\vc\include\stdio.h(234) : see declaration of 'fopen'
     1>g:\game\igraphicsultimate\igraphics project\igraphics project\score.h(112): warning C4996: 'fscanf': This function or variable may be unsafe. Consider using fscanf_s instead. To disable deprecation, use _CRT_SECURE_NO_WARNINGS. See online help for details.
                 g:\installed softweres\visual studio\vc\include\stdio.h(253) : see declaration of 'fscanf'
     1>g:\game\igraphicsultimate\igraphics project\igraphics project\allheader.h(12): warning C4996: 'fopen': This function or variable may be unsafe. Consider using fopen_s instead. To disable deprecation, use _CRT_SECURE_NO_WARNINGS. See online help for details.
                 g:\installed softweres\visual studio\vc\include\stdio.h(234) : see declaration of 'fopen'
     1>g:\game\igraphicsultimate\igraphics project\igraphics project\allheader.h(19): warning C4996: 'fopen': This function or variable may be unsafe. Consider using fopen_s instead. To disable deprecation, use _CRT_SECURE_NO_WARNINGS. See online help for details.
                 g:\installed softweres\visual studio\vc\include\stdio.h(234) : see declaration of 'fopen'
     1>g:\game\igraphicsultimate\igraphics project\igraphics project\allheader.h(21): warning C4996: 'fscanf': This function or variable may be unsafe. Consider using fscanf_s instead. To disable deprecation, use _CRT_SECURE_NO_WARNINGS. See online help for details.
                 g:\installed softweres\visual studio\vc\include\stdio.h(253) : see declaration of 'fscanf'
       Link:
         G:\Installed Softweres\Visual Studio\VC\bin\link.exe /ERRORREPORT:PROMPT /OUT:"G:\Game\iGraphicsUltimate\iGraphics Project\Debug\iGraphics Project.exe" /NOLOGO kernel32.lib user32.lib gdi32.lib winspool.lib comdlg32.lib advapi32.lib shell32.lib ole32.lib oleaut32.lib uuid.lib odbc32.lib odbccp32.lib /MANIFEST /ManifestFile:"Debug\iGraphics Project.exe.intermediate.manifest" /MANIFESTUAC:"level='asInvoker' uiAccess='false'" /DEBUG /PDB:"G:\Game\iGraphicsUltimate\iGraphics Project\Debug\iGraphics Project.pdb" /TLBID:1 /DYNAMICBASE /NXCOMPAT /IMPLIB:"G:\Game\iGraphicsUltimate\iGraphics Project\Debug\iGraphics Project.lib" /MACHINE:X86 Debug\BallDemo.obj
         LINK : G:\Game\iGraphicsUltimate\iGraphics Project\Debug\iGraphics Project.exe not found or not built by the last incremental link; performing full link
         iGraphics Project.vcxproj -> G:\Game\iGraphicsUltimate\iGraphics Project\Debug\iGraphics Project.exe
       Manifest:
         C:\Program Files (x86)\Microsoft SDKs\Windows\v7.0A\bin\mt.exe /nologo /verbose /outputresource:"G:\Game\iGraphicsUltimate\iGraphics Project\Debug\iGraphics Project.exe;#1" /manifest "Debug\iGraphics Project.exe.intermediate.manifest"
       FinalizeBuildStatus:
         Deleting file "Debug\iGraphics Project.unsuccessfulbuild".
         Touching "Debug\iGraphics Project.lastbuildstate".
     1>Done Building Project "G:\Game\iGraphicsUltimate\iGraphics Project\iGraphics Project\iGraphics Project.vcxproj" (build target(s)).

Build succeeded.

Time Elapsed 00:00:01.59
